{"id":"be3b24c2-f01e-4816-945f-567f1ccb6acf","event-type":"TRACE_EVENT","occurredOn":"2021-03-14T22:22:59.205261","version":1,"graph-id":"file-states","nature":"raw-file","object-name":"File-25","path":"[TO_BE_PURGED, PURGED]"}
{"id":"ac9d4c43-642e-4520-9878-3414bfb846b5","event-type":"TRACE_EVENT","occurredOn":"2021-03-14T22:22:59.284075","version":1,"graph-id":"file-states","nature":"raw-file","object-name":"File-79","path":"[RECEIVED, VERIFIED, PROCESSED, REJECTED, REMEDIED]"}
{"id":"c97b0f44-df42-492c-86ec-75f771d8e7c5","event-type":"TRACE_EVENT","occurredOn":"2021-03-14T22:22:59.284256","version":1,"graph-id":"file-states","nature":"raw-file","object-name":"File-10","path":"[TO_BE_PURGED, PURGED]"}
{"id":"ec0479cc-12da-4ae8-9521-e47e1a3b5e59","event-type":"TRACE_EVENT","occurredOn":"2021-03-14T22:22:59.284398","version":1,"graph-id":"file-states","nature":"raw-file","object-name":"File-94","path":"[TO_BE_PURGED, PURGED]"}
{"id":"381965c3-f7d1-4024-b7a2-4acecf8df234","event-type":"TRACE_EVENT","occurredOn":"2021-03-14T22:22:59.284513","version":1,"graph-id":"file-states","nature":"raw-file","object-name":"File-24","path":"[TO_BE_PURGED, PURGED]"}
{"id":"68fe3057-cb58-4d97-b04e-d21fef629ce0","event-type":"TRACE_EVENT","occurredOn":"2021-03-14T22:22:59.284669","version":1,"graph-id":"file-states","nature":"raw-file","object-name":"File-12","path":"[RECEIVED, VERIFIED, PROCESSED, REJECTED, REMEDIED]"}
{"id":"db2316d6-6b30-4c30-8c79-586ca0c06c21","event-type":"TRACE_EVENT","occurredOn":"2021-03-14T22:22:59.284819","version":1,"graph-id":"file-states","nature":"raw-file","object-name":"File-80","path":"[RECEIVED, VERIFIED, PROCESSED, CONSUMED]"}
{"id":"83b6b0f5-60e5-4bf7-b13f-77179034eaa8","event-type":"TRACE_EVENT","occurredOn":"2021-03-14T22:22:59.284978","version":1,"graph-id":"file-states","nature":"raw-file","object-name":"File-23","path":"[TO_BE_PURGED, PURGED]"}
{"id":"1fab3451-7b52-457d-8881-97457e823ccd","event-type":"TRACE_EVENT","occurredOn":"2021-03-14T22:22:59.285149","version":1,"graph-id":"file-states","nature":"raw-file","object-name":"File-57","path":"[TO_BE_PURGED, PURGED]"}
{"id":"b89244a1-e1b2-4ae8-adcb-b6dfa1b3ed7d","event-type":"TRACE_EVENT","occurredOn":"2021-03-14T22:22:59.285272","version":1,"graph-id":"file-states","nature":"raw-file","object-name":"File-16","path":"[TO_BE_PURGED, PURGED]"}
{"id":"79b7d833-328e-4473-b2d6-21fb29a4c82f","event-type":"TRACE_EVENT","occurredOn":"2021-03-14T22:22:59.285415","version":1,"graph-id":"file-states","nature":"raw-file","object-name":"File-63","path":"[RECEIVED, VERIFIED, PROCESSED, REJECTED, REMEDIED]"}
{"id":"0cfaf2cb-54f9-449b-b2c0-af3459948b98","event-type":"TRACE_EVENT","occurredOn":"2021-03-14T22:22:59.285569","version":1,"graph-id":"file-states","nature":"raw-file","object-name":"File-23","path":"[RECEIVED, VERIFIED, PROCESSED, CONSUMED]"}
{"id":"c42a3d37-d87e-4155-aaf8-33d2e41e5576","event-type":"TRACE_EVENT","occurredOn":"2021-03-14T22:22:59.285707","version":1,"graph-id":"file-states","nature":"raw-file","object-name":"File-58","path":"[RECEIVED, VERIFIED, PROCESSED, REJECTED, REMEDIED]"}
{"id":"4f3e4388-444c-4695-8886-32abdf62fe8c","event-type":"TRACE_EVENT","occurredOn":"2021-03-14T22:22:59.285850","version":1,"graph-id":"file-states","nature":"raw-file","object-name":"File-19","path":"[RECEIVED, VERIFIED, PROCESSED, CONSUMED]"}
{"id":"505ae1cc-a7d3-4037-b35c-206ee0d9a617","event-type":"TRACE_EVENT","occurredOn":"2021-03-14T22:22:59.285955","version":1,"graph-id":"file-states","nature":"raw-file","object-name":"File-16","path":"[TO_BE_PURGED, PURGED]"}
{"id":"b163599a-b5de-4f53-8ecc-ae01fe5d66f9","event-type":"TRACE_EVENT","occurredOn":"2021-03-14T22:22:59.286092","version":1,"graph-id":"file-states","nature":"raw-file","object-name":"File-57","path":"[TO_BE_PURGED, PURGED]"}
{"id":"5fe2eff7-06b1-4b45-a1d6-cd6742842053","event-type":"TRACE_EVENT","occurredOn":"2021-03-14T22:22:59.286230","version":1,"graph-id":"file-states","nature":"raw-file","object-name":"File-16","path":"[RECEIVED, VERIFIED, PROCESSED, REJECTED, REMEDIED]"}
{"id":"2129961e-6183-4b35-ac69-db49805df047","event-type":"TRACE_EVENT","occurredOn":"2021-03-14T22:22:59.286383","version":1,"graph-id":"file-states","nature":"raw-file","object-name":"File-37","path":"[TO_BE_PURGED, PURGED]"}
{"id":"6c70b799-959a-4611-a62e-61d9df762e75","event-type":"TRACE_EVENT","occurredOn":"2021-03-14T22:22:59.286537","version":1,"graph-id":"file-states","nature":"raw-file","object-name":"File-53","path":"[RECEIVED, VERIFIED, PROCESSED, CONSUMED]"}
{"id":"8d252abe-ad42-4077-805f-0cfee092bf53","event-type":"TRACE_EVENT","occurredOn":"2021-03-14T22:22:59.286643","version":1,"graph-id":"file-states","nature":"raw-file","object-name":"File-64","path":"[RECEIVED, VERIFIED, PROCESSED, CONSUMED]"}
{"id":"068c9a57-bc3d-4f4c-8648-7930f155c04d","event-type":"TRACE_EVENT","occurredOn":"2021-03-14T22:22:59.286767","version":1,"graph-id":"file-states","nature":"raw-file","object-name":"File-52","path":"[RECEIVED, VERIFIED, PROCESSED, CONSUMED]"}
{"id":"ecf4d9a4-105d-4959-adbc-9d5499fad925","event-type":"TRACE_EVENT","occurredOn":"2021-03-14T22:22:59.286898","version":1,"graph-id":"file-states","nature":"raw-file","object-name":"File-23","path":"[TO_BE_PURGED, PURGED]"}
{"id":"dde4fce8-6a78-444c-8ad9-48dce5d99e02","event-type":"TRACE_EVENT","occurredOn":"2021-03-14T22:22:59.287011","version":1,"graph-id":"file-states","nature":"raw-file","object-name":"File-81","path":"[TO_BE_PURGED, PURGED]"}
{"id":"4b33c71a-2548-4ce8-8c4c-ed020affddfe","event-type":"TRACE_EVENT","occurredOn":"2021-03-14T22:22:59.287125","version":1,"graph-id":"file-states","nature":"raw-file","object-name":"File-64","path":"[TO_BE_PURGED, PURGED]"}
{"id":"76123813-f05d-4fa3-aa3b-41ed88d3d4d7","event-type":"TRACE_EVENT","occurredOn":"2021-03-14T22:22:59.287229","version":1,"graph-id":"file-states","nature":"raw-file","object-name":"File-3","path":"[RECEIVED, VERIFIED, PROCESSED, REJECTED, REMEDIED]"}
{"id":"5c76ada1-d48b-4718-823c-592f3d8688a6","event-type":"TRACE_EVENT","occurredOn":"2021-03-14T22:22:59.287343","version":1,"graph-id":"file-states","nature":"raw-file","object-name":"File-14","path":"[RECEIVED, VERIFIED, PROCESSED, CONSUMED]"}
{"id":"b2efb22f-770f-4ace-b43f-21a06151ff33","event-type":"TRACE_EVENT","occurredOn":"2021-03-14T22:22:59.287468","version":1,"graph-id":"file-states","nature":"raw-file","object-name":"File-23","path":"[RECEIVED, VERIFIED, PROCESSED, CONSUMED]"}
{"id":"39469077-7d1f-4e21-9f95-8ee5e8c48583","event-type":"TRACE_EVENT","occurredOn":"2021-03-14T22:22:59.287576","version":1,"graph-id":"file-states","nature":"raw-file","object-name":"File-56","path":"[TO_BE_PURGED, PURGED]"}
{"id":"a19ee712-a140-401e-9d63-11623b5cf9ed","event-type":"TRACE_EVENT","occurredOn":"2021-03-14T22:22:59.287681","version":1,"graph-id":"file-states","nature":"raw-file","object-name":"File-68","path":"[RECEIVED, VERIFIED, PROCESSED, REJECTED, REMEDIED]"}
{"id":"8ab792fe-2fad-42cf-bf5a-47500c84fbcd","event-type":"TRACE_EVENT","occurredOn":"2021-03-14T22:22:59.287768","version":1,"graph-id":"file-states","nature":"raw-file","object-name":"File-38","path":"[RECEIVED, VERIFIED, PROCESSED, CONSUMED]"}
{"id":"c4f4448d-d710-4904-b64c-66ffe164f059","event-type":"TRACE_EVENT","occurredOn":"2021-03-14T22:22:59.287872","version":1,"graph-id":"file-states","nature":"raw-file","object-name":"File-48","path":"[TO_BE_PURGED, PURGED]"}
{"id":"a30e854d-7671-4452-92a9-8501cfff91ca","event-type":"TRACE_EVENT","occurredOn":"2021-03-14T22:22:59.287981","version":1,"graph-id":"file-states","nature":"raw-file","object-name":"File-4","path":"[RECEIVED, VERIFIED, PROCESSED, CONSUMED]"}
{"id":"00d0b901-7e7d-4904-9679-89866151e032","event-type":"TRACE_EVENT","occurredOn":"2021-03-14T22:22:59.288097","version":1,"graph-id":"file-states","nature":"raw-file","object-name":"File-79","path":"[RECEIVED, VERIFIED, PROCESSED, REJECTED, REMEDIED]"}
{"id":"7a7319b4-1918-4716-bfde-d492c987ba8d","event-type":"TRACE_EVENT","occurredOn":"2021-03-14T22:22:59.288222","version":1,"graph-id":"file-states","nature":"raw-file","object-name":"File-90","path":"[RECEIVED, VERIFIED, PROCESSED, REJECTED, REMEDIED]"}
{"id":"517230b0-c3be-4fc9-9b51-162a6e806987","event-type":"TRACE_EVENT","occurredOn":"2021-03-14T22:22:59.288464","version":1,"graph-id":"file-states","nature":"raw-file","object-name":"File-25","path":"[RECEIVED, VERIFIED, PROCESSED, CONSUMED]"}
{"id":"25a80539-5c69-4c8d-bab2-3d8f537a56cb","event-type":"TRACE_EVENT","occurredOn":"2021-03-14T22:22:59.288575","version":1,"graph-id":"file-states","nature":"raw-file","object-name":"File-13","path":"[RECEIVED, VERIFIED, PROCESSED, CONSUMED]"}
{"id":"1a9deed8-c024-42b0-85bb-4e10f7ef5e04","event-type":"TRACE_EVENT","occurredOn":"2021-03-14T22:22:59.288682","version":1,"graph-id":"file-states","nature":"raw-file","object-name":"File-66","path":"[RECEIVED, VERIFIED, PROCESSED, REJECTED, REMEDIED]"}
{"id":"9362c476-2e16-4492-b9b6-dd73f05310e1","event-type":"TRACE_EVENT","occurredOn":"2021-03-14T22:22:59.288790","version":1,"graph-id":"file-states","nature":"raw-file","object-name":"File-57","path":"[RECEIVED, VERIFIED, PROCESSED, REJECTED, REMEDIED]"}
{"id":"0da03166-66ae-43e6-9063-e0ffdf7190c8","event-type":"TRACE_EVENT","occurredOn":"2021-03-14T22:22:59.288896","version":1,"graph-id":"file-states","nature":"raw-file","object-name":"File-55","path":"[RECEIVED, VERIFIED, PROCESSED, CONSUMED]"}
{"id":"81ca2b5c-a38d-4da6-9b83-d871ea02908b","event-type":"TRACE_EVENT","occurredOn":"2021-03-14T22:22:59.288996","version":1,"graph-id":"file-states","nature":"raw-file","object-name":"File-16","path":"[RECEIVED, VERIFIED, PROCESSED, CONSUMED]"}
{"id":"6ce887af-2dec-4e07-976a-8f61abd12790","event-type":"TRACE_EVENT","occurredOn":"2021-03-14T22:22:59.289098","version":1,"graph-id":"file-states","nature":"raw-file","object-name":"File-65","path":"[RECEIVED, VERIFIED, PROCESSED, CONSUMED]"}
{"id":"c0602028-6787-4096-9c52-4e0a32882286","event-type":"TRACE_EVENT","occurredOn":"2021-03-14T22:22:59.289201","version":1,"graph-id":"file-states","nature":"raw-file","object-name":"File-6","path":"[TO_BE_PURGED, PURGED]"}
{"id":"66af43b2-5bc4-4043-b8e2-7aa248721025","event-type":"TRACE_EVENT","occurredOn":"2021-03-14T22:22:59.289318","version":1,"graph-id":"file-states","nature":"raw-file","object-name":"File-60","path":"[RECEIVED, VERIFIED, PROCESSED, CONSUMED]"}
{"id":"27c97c79-92ee-4f6d-8ad2-3eb3cf4eeefb","event-type":"TRACE_EVENT","occurredOn":"2021-03-14T22:22:59.289424","version":1,"graph-id":"file-states","nature":"raw-file","object-name":"File-43","path":"[TO_BE_PURGED, PURGED]"}
{"id":"e8e89428-a317-4505-9776-9774ac5564ee","event-type":"TRACE_EVENT","occurredOn":"2021-03-14T22:22:59.289517","version":1,"graph-id":"file-states","nature":"raw-file","object-name":"File-3","path":"[TO_BE_PURGED, PURGED]"}
{"id":"c402537a-8541-49b5-afc2-86fc58735cb3","event-type":"TRACE_EVENT","occurredOn":"2021-03-14T22:22:59.289616","version":1,"graph-id":"file-states","nature":"raw-file","object-name":"File-18","path":"[TO_BE_PURGED, PURGED]"}
{"id":"0ba9e1c5-254e-447f-b333-e2f89964e221","event-type":"TRACE_EVENT","occurredOn":"2021-03-14T22:22:59.289730","version":1,"graph-id":"file-states","nature":"raw-file","object-name":"File-45","path":"[RECEIVED, VERIFIED, PROCESSED, CONSUMED]"}
{"id":"d341928c-c98e-4cf3-ad46-0731611aff97","event-type":"TRACE_EVENT","occurredOn":"2021-03-14T22:22:59.289831","version":1,"graph-id":"file-states","nature":"raw-file","object-name":"File-34","path":"[TO_BE_PURGED, PURGED]"}
{"id":"5fce6bd0-b894-4ca1-b8df-d9d369a56110","event-type":"TRACE_EVENT","occurredOn":"2021-03-14T22:22:59.289932","version":1,"graph-id":"file-states","nature":"raw-file","object-name":"File-77","path":"[RECEIVED, VERIFIED, PROCESSED, CONSUMED]"}
{"id":"b29901ed-d7c6-46ef-a44f-b0caf6be765d","event-type":"TRACE_EVENT","occurredOn":"2021-03-14T22:22:59.290025","version":1,"graph-id":"file-states","nature":"raw-file","object-name":"File-61","path":"[RECEIVED, VERIFIED, PROCESSED, CONSUMED]"}
{"id":"77cf77e7-bcfe-4f17-888a-a8ad8fb8f5ae","event-type":"TRACE_EVENT","occurredOn":"2021-03-14T22:22:59.290126","version":1,"graph-id":"file-states","nature":"raw-file","object-name":"File-70","path":"[RECEIVED, VERIFIED, PROCESSED, CONSUMED]"}
{"id":"f7f4be01-9fd2-4d46-8674-04d5b3ea2d64","event-type":"TRACE_EVENT","occurredOn":"2021-03-14T22:22:59.290227","version":1,"graph-id":"file-states","nature":"raw-file","object-name":"File-41","path":"[RECEIVED, VERIFIED, PROCESSED, REJECTED, REMEDIED]"}
{"id":"3faf97bf-65af-4bde-a137-1c95e7fc90c3","event-type":"TRACE_EVENT","occurredOn":"2021-03-14T22:22:59.290331","version":1,"graph-id":"file-states","nature":"raw-file","object-name":"File-48","path":"[RECEIVED, VERIFIED, PROCESSED, REJECTED, REMEDIED]"}
{"id":"50204260-bee8-42db-b59a-0bb47687b9e6","event-type":"TRACE_EVENT","occurredOn":"2021-03-14T22:22:59.290444","version":1,"graph-id":"file-states","nature":"raw-file","object-name":"File-13","path":"[RECEIVED, VERIFIED, PROCESSED, REJECTED, REMEDIED]"}
{"id":"2da5c171-c972-4748-8851-51165360b545","event-type":"TRACE_EVENT","occurredOn":"2021-03-14T22:22:59.290521","version":1,"graph-id":"file-states","nature":"raw-file","object-name":"File-50","path":"[RECEIVED, VERIFIED, PROCESSED, CONSUMED]"}
{"id":"e6714f41-519a-4733-8a17-5dab2c63084f","event-type":"TRACE_EVENT","occurredOn":"2021-03-14T22:22:59.290621","version":1,"graph-id":"file-states","nature":"raw-file","object-name":"File-62","path":"[RECEIVED, VERIFIED, PROCESSED, CONSUMED]"}
{"id":"af2cd8a1-96e5-45b8-8dbb-e3fb90602f29","event-type":"TRACE_EVENT","occurredOn":"2021-03-14T22:22:59.290721","version":1,"graph-id":"file-states","nature":"raw-file","object-name":"File-59","path":"[RECEIVED, VERIFIED, PROCESSED, CONSUMED]"}
{"id":"f4efd0ea-2f75-40fb-9cc7-14920cc79979","event-type":"TRACE_EVENT","occurredOn":"2021-03-14T22:22:59.290822","version":1,"graph-id":"file-states","nature":"raw-file","object-name":"File-44","path":"[RECEIVED, VERIFIED, PROCESSED, CONSUMED]"}
{"id":"cad710a5-6e13-4bbe-9504-cc71af8190c3","event-type":"TRACE_EVENT","occurredOn":"2021-03-14T22:22:59.290923","version":1,"graph-id":"file-states","nature":"raw-file","object-name":"File-24","path":"[RECEIVED, VERIFIED, PROCESSED, REJECTED, REMEDIED]"}
{"id":"80e25d77-6b18-49ed-bf3e-06e2cd171013","event-type":"TRACE_EVENT","occurredOn":"2021-03-14T22:22:59.290999","version":1,"graph-id":"file-states","nature":"raw-file","object-name":"File-49","path":"[TO_BE_PURGED, PURGED]"}
{"id":"a9ceec42-c5e2-491a-aa7c-813081acb599","event-type":"TRACE_EVENT","occurredOn":"2021-03-14T22:22:59.291101","version":1,"graph-id":"file-states","nature":"raw-file","object-name":"File-29","path":"[RECEIVED, VERIFIED, PROCESSED, CONSUMED]"}
{"id":"15ada700-5f64-449e-9b1c-c33f8d55be8d","event-type":"TRACE_EVENT","occurredOn":"2021-03-14T22:22:59.291220","version":1,"graph-id":"file-states","nature":"raw-file","object-name":"File-68","path":"[RECEIVED, VERIFIED, PROCESSED, CONSUMED]"}
{"id":"9c6ccb4f-225b-4d17-b491-8e44070b6caa","event-type":"TRACE_EVENT","occurredOn":"2021-03-14T22:22:59.291317","version":1,"graph-id":"file-states","nature":"raw-file","object-name":"File-98","path":"[TO_BE_PURGED, PURGED]"}
{"id":"3ba6864e-f796-472e-9592-0bedfa8d8e71","event-type":"TRACE_EVENT","occurredOn":"2021-03-14T22:22:59.291425","version":1,"graph-id":"file-states","nature":"raw-file","object-name":"File-62","path":"[RECEIVED, VERIFIED, PROCESSED, CONSUMED]"}
{"id":"65bfa9af-027e-4be4-897a-7b12e8d08c81","event-type":"TRACE_EVENT","occurredOn":"2021-03-14T22:22:59.291518","version":1,"graph-id":"file-states","nature":"raw-file","object-name":"File-73","path":"[RECEIVED, VERIFIED, PROCESSED, REJECTED, REMEDIED]"}
{"id":"b9ce0933-f213-4239-9d59-df794896cfec","event-type":"TRACE_EVENT","occurredOn":"2021-03-14T22:22:59.291626","version":1,"graph-id":"file-states","nature":"raw-file","object-name":"File-25","path":"[RECEIVED, VERIFIED, PROCESSED, CONSUMED]"}
{"id":"2030501a-de98-4763-9ca0-17a035dddae8","event-type":"TRACE_EVENT","occurredOn":"2021-03-14T22:22:59.291725","version":1,"graph-id":"file-states","nature":"raw-file","object-name":"File-73","path":"[RECEIVED, VERIFIED, PROCESSED, REJECTED, REMEDIED]"}
{"id":"496644b6-75bb-4b8e-a5ce-fe7b405912a3","event-type":"TRACE_EVENT","occurredOn":"2021-03-14T22:22:59.291823","version":1,"graph-id":"file-states","nature":"raw-file","object-name":"File-22","path":"[RECEIVED, VERIFIED, PROCESSED, CONSUMED]"}
{"id":"3c02bed3-e910-4c45-9bf4-622e3c132092","event-type":"TRACE_EVENT","occurredOn":"2021-03-14T22:22:59.291983","version":1,"graph-id":"file-states","nature":"raw-file","object-name":"File-32","path":"[RECEIVED, VERIFIED, PROCESSED, REJECTED, REMEDIED]"}
{"id":"2708653f-659b-43cd-a7c9-121a33849482","event-type":"TRACE_EVENT","occurredOn":"2021-03-14T22:22:59.292061","version":1,"graph-id":"file-states","nature":"raw-file","object-name":"File-25","path":"[RECEIVED, VERIFIED, PROCESSED, REJECTED, REMEDIED]"}
{"id":"4e694c6e-3108-426c-ad0a-481328bbe849","event-type":"TRACE_EVENT","occurredOn":"2021-03-14T22:22:59.292160","version":1,"graph-id":"file-states","nature":"raw-file","object-name":"File-32","path":"[RECEIVED, VERIFIED, PROCESSED, CONSUMED]"}
{"id":"4a15a727-29d4-403b-a844-560f17ff0cf2","event-type":"TRACE_EVENT","occurredOn":"2021-03-14T22:22:59.292254","version":1,"graph-id":"file-states","nature":"raw-file","object-name":"File-39","path":"[RECEIVED, VERIFIED, PROCESSED, REJECTED, REMEDIED]"}
{"id":"40745a59-3943-48ff-a01d-338398dedf2b","event-type":"TRACE_EVENT","occurredOn":"2021-03-14T22:22:59.292350","version":1,"graph-id":"file-states","nature":"raw-file","object-name":"File-3","path":"[RECEIVED, VERIFIED, PROCESSED, REJECTED, REMEDIED]"}
{"id":"dab8e7e1-c042-4068-89e0-ca5e0884f3b2","event-type":"TRACE_EVENT","occurredOn":"2021-03-14T22:22:59.292447","version":1,"graph-id":"file-states","nature":"raw-file","object-name":"File-13","path":"[RECEIVED, VERIFIED, PROCESSED, REJECTED, REMEDIED]"}
{"id":"2a91fbfb-1835-41ec-981c-a3b50e0b83f4","event-type":"TRACE_EVENT","occurredOn":"2021-03-14T22:22:59.292539","version":1,"graph-id":"file-states","nature":"raw-file","object-name":"File-76","path":"[RECEIVED, VERIFIED, PROCESSED, CONSUMED]"}
{"id":"f17ca540-3452-403d-9b50-7daa127ebe6e","event-type":"TRACE_EVENT","occurredOn":"2021-03-14T22:22:59.292652","version":1,"graph-id":"file-states","nature":"raw-file","object-name":"File-39","path":"[RECEIVED, VERIFIED, PROCESSED, REJECTED, REMEDIED]"}
{"id":"1cd11b81-96f0-43c4-9ec4-bb42e4ea5409","event-type":"TRACE_EVENT","occurredOn":"2021-03-14T22:22:59.292767","version":1,"graph-id":"file-states","nature":"raw-file","object-name":"File-58","path":"[TO_BE_PURGED, PURGED]"}
{"id":"d3a420bb-9aab-4db5-943c-54014ab05f8b","event-type":"TRACE_EVENT","occurredOn":"2021-03-14T22:22:59.292871","version":1,"graph-id":"file-states","nature":"raw-file","object-name":"File-32","path":"[RECEIVED, VERIFIED, PROCESSED, CONSUMED]"}
{"id":"0b8d5167-7c40-444d-828f-e3a134cd8c16","event-type":"TRACE_EVENT","occurredOn":"2021-03-14T22:22:59.292963","version":1,"graph-id":"file-states","nature":"raw-file","object-name":"File-90","path":"[RECEIVED, VERIFIED, PROCESSED, CONSUMED]"}
{"id":"8db49cb8-25f0-4c82-afbf-2c38f3a8f53e","event-type":"TRACE_EVENT","occurredOn":"2021-03-14T22:22:59.293034","version":1,"graph-id":"file-states","nature":"raw-file","object-name":"File-81","path":"[RECEIVED, VERIFIED, PROCESSED, CONSUMED]"}
{"id":"06fcf4e7-27a3-4255-9279-d9499ffc2263","event-type":"TRACE_EVENT","occurredOn":"2021-03-14T22:22:59.293127","version":1,"graph-id":"file-states","nature":"raw-file","object-name":"File-14","path":"[RECEIVED, VERIFIED, PROCESSED, CONSUMED]"}
{"id":"4dcffccc-4440-46ce-a9fa-fc9787de191c","event-type":"TRACE_EVENT","occurredOn":"2021-03-14T22:22:59.293236","version":1,"graph-id":"file-states","nature":"raw-file","object-name":"File-74","path":"[RECEIVED, VERIFIED, PROCESSED, REJECTED, REMEDIED]"}
{"id":"c2316b7b-ca64-48ab-b237-14eb1fdd948b","event-type":"TRACE_EVENT","occurredOn":"2021-03-14T22:22:59.293332","version":1,"graph-id":"file-states","nature":"raw-file","object-name":"File-85","path":"[TO_BE_PURGED, PURGED]"}
{"id":"73ee2284-bdde-4d92-98a0-e0b06e8a478d","event-type":"TRACE_EVENT","occurredOn":"2021-03-14T22:22:59.293442","version":1,"graph-id":"file-states","nature":"raw-file","object-name":"File-45","path":"[RECEIVED, VERIFIED, PROCESSED, REJECTED, REMEDIED]"}
{"id":"0d47b2fe-e35f-442f-9575-79b3af064557","event-type":"TRACE_EVENT","occurredOn":"2021-03-14T22:22:59.293509","version":1,"graph-id":"file-states","nature":"raw-file","object-name":"File-24","path":"[RECEIVED, VERIFIED, PROCESSED, CONSUMED]"}
{"id":"fb66dd63-4449-473c-8065-d932c5e49f92","event-type":"TRACE_EVENT","occurredOn":"2021-03-14T22:22:59.294763","version":1,"graph-id":"file-states","nature":"raw-file","object-name":"File-54","path":"[TO_BE_PURGED, PURGED]"}
{"id":"0bd17e89-ec7c-4e76-856c-6af805be4f2e","event-type":"TRACE_EVENT","occurredOn":"2021-03-14T22:22:59.294919","version":1,"graph-id":"file-states","nature":"raw-file","object-name":"File-47","path":"[RECEIVED, VERIFIED, PROCESSED, REJECTED, REMEDIED]"}
{"id":"f106e3ff-bd8a-424b-8696-89eeceb09eb6","event-type":"TRACE_EVENT","occurredOn":"2021-03-14T22:22:59.295025","version":1,"graph-id":"file-states","nature":"raw-file","object-name":"File-48","path":"[RECEIVED, VERIFIED, PROCESSED, CONSUMED]"}
{"id":"a1d9512c-31f9-4f10-9f0c-2794b260d8c5","event-type":"TRACE_EVENT","occurredOn":"2021-03-14T22:22:59.295117","version":1,"graph-id":"file-states","nature":"raw-file","object-name":"File-54","path":"[RECEIVED, VERIFIED, PROCESSED, REJECTED, REMEDIED]"}
{"id":"f194a119-bbfe-425a-aae9-00674cbfe4a2","event-type":"TRACE_EVENT","occurredOn":"2021-03-14T22:22:59.295187","version":1,"graph-id":"file-states","nature":"raw-file","object-name":"File-69","path":"[RECEIVED, VERIFIED, PROCESSED, CONSUMED]"}
{"id":"638e875a-0099-448e-aa5a-00eb04c69a77","event-type":"TRACE_EVENT","occurredOn":"2021-03-14T22:22:59.295296","version":1,"graph-id":"file-states","nature":"raw-file","object-name":"File-17","path":"[TO_BE_PURGED, PURGED]"}
{"id":"4d2bea45-1854-4796-ac4c-49ec06c7a605","event-type":"TRACE_EVENT","occurredOn":"2021-03-14T22:22:59.295391","version":1,"graph-id":"file-states","nature":"raw-file","object-name":"File-9","path":"[TO_BE_PURGED, PURGED]"}
{"id":"ccc81167-a155-4ba6-a7f5-7069f409c0d5","event-type":"TRACE_EVENT","occurredOn":"2021-03-14T22:22:59.295483","version":1,"graph-id":"file-states","nature":"raw-file","object-name":"File-65","path":"[RECEIVED, VERIFIED, PROCESSED, REJECTED, REMEDIED]"}
{"id":"f587bbda-87b0-4ff3-b803-5f5160041e3f","event-type":"TRACE_EVENT","occurredOn":"2021-03-14T22:22:59.295573","version":1,"graph-id":"file-states","nature":"raw-file","object-name":"File-37","path":"[TO_BE_PURGED, PURGED]"}
{"id":"07ca1c9f-d057-4232-a7b6-1128d102d900","event-type":"TRACE_EVENT","occurredOn":"2021-03-14T22:22:59.295638","version":1,"graph-id":"file-states","nature":"raw-file","object-name":"File-24","path":"[TO_BE_PURGED, PURGED]"}
{"id":"4f024e81-2b8a-486c-9a82-1db91c56ab38","event-type":"TRACE_EVENT","occurredOn":"2021-03-14T22:22:59.296655","version":1,"graph-id":"file-states","nature":"raw-file","object-name":"File-100","path":"[RECEIVED, VERIFIED, PROCESSED, CONSUMED]"}
{"id":"6984ef4d-a4df-4d9d-942e-beca925af499","event-type":"TRACE_EVENT","occurredOn":"2021-03-14T22:22:59.296785","version":1,"graph-id":"file-states","nature":"raw-file","object-name":"File-24","path":"[RECEIVED, VERIFIED, PROCESSED, CONSUMED]"}
{"id":"708dc89a-d04c-4345-ac75-7ddcfd682d16","event-type":"TRACE_EVENT","occurredOn":"2021-03-14T22:22:59.296902","version":1,"graph-id":"file-states","nature":"raw-file","object-name":"File-53","path":"[RECEIVED, VERIFIED, PROCESSED, CONSUMED]"}
{"id":"134d4579-0e20-47b7-a582-ced277096819","event-type":"TRACE_EVENT","occurredOn":"2021-03-14T22:22:59.296995","version":1,"graph-id":"file-states","nature":"raw-file","object-name":"File-81","path":"[TO_BE_PURGED, PURGED]"}
{"id":"9c303c9f-7f5f-4f76-9066-7ff2e74bfad3","event-type":"TRACE_EVENT","occurredOn":"2021-03-14T22:22:59.297063","version":1,"graph-id":"file-states","nature":"raw-file","object-name":"File-45","path":"[RECEIVED, VERIFIED, PROCESSED, CONSUMED]"}
